{"level":"info","time":"2023-09-27T22:34:53.195+0800","line":"db/mysql.go:12","msg":"Init Mysql","serviceName":"into"}
{"level":"info","time":"2023-09-27T22:34:54.878+0800","line":"db/mysql.go:61","msg":"SELECT * FROM `block_store` WHERE id=100 ORDER BY `block_store`.`id` LIMIT 1","serviceName":"into"}
{"level":"info","time":"2023-09-27T22:34:55.945+0800","line":"db/mysql.go:61","msg":"UPDATE `block_store` SET `start_block`=2309974 WHERE id=100","serviceName":"into"}
{"level":"info","time":"2023-09-27T22:35:14.887+0800","line":"db/mysql.go:61","msg":"SELECT * FROM `block_store` WHERE id=100 ORDER BY `block_store`.`id` LIMIT 1","serviceName":"into"}
{"level":"info","time":"2023-09-27T22:35:15.915+0800","line":"db/mysql.go:61","msg":"UPDATE `block_store` SET `start_block`=2310974 WHERE id=100","serviceName":"into"}
{"level":"info","time":"2023-09-27T22:35:34.882+0800","line":"db/mysql.go:61","msg":"SELECT * FROM `block_store` WHERE id=100 ORDER BY `block_store`.`id` LIMIT 1","serviceName":"into"}
{"level":"info","time":"2023-09-27T22:35:35.891+0800","line":"db/mysql.go:61","msg":"UPDATE `block_store` SET `start_block`=2311974 WHERE id=100","serviceName":"into"}
{"level":"info","time":"2023-09-27T22:35:54.882+0800","line":"db/mysql.go:61","msg":"SELECT * FROM `block_store` WHERE id=100 ORDER BY `block_store`.`id` LIMIT 1","serviceName":"into"}
{"level":"info","time":"2023-09-27T22:35:55.893+0800","line":"db/mysql.go:61","msg":"UPDATE `block_store` SET `start_block`=2312974 WHERE id=100","serviceName":"into"}
{"level":"info","time":"2023-09-27T22:36:14.877+0800","line":"db/mysql.go:61","msg":"SELECT * FROM `block_store` WHERE id=100 ORDER BY `block_store`.`id` LIMIT 1","serviceName":"into"}
{"level":"info","time":"2023-09-27T22:36:16.134+0800","line":"db/mysql.go:61","msg":"UPDATE `block_store` SET `start_block`=2313974 WHERE id=100","serviceName":"into"}
{"level":"info","time":"2023-09-27T22:36:34.871+0800","line":"db/mysql.go:61","msg":"SELECT * FROM `block_store` WHERE id=100 ORDER BY `block_store`.`id` LIMIT 1","serviceName":"into"}
{"level":"info","time":"2023-09-27T22:36:35.949+0800","line":"db/mysql.go:61","msg":"UPDATE `block_store` SET `start_block`=2314974 WHERE id=100","serviceName":"into"}
{"level":"info","time":"2023-09-27T22:36:54.868+0800","line":"db/mysql.go:61","msg":"SELECT * FROM `block_store` WHERE id=100 ORDER BY `block_store`.`id` LIMIT 1","serviceName":"into"}
{"level":"info","time":"2023-09-27T22:36:57.610+0800","line":"db/mysql.go:61","msg":"UPDATE `block_store` SET `start_block`=2315974 WHERE id=100","serviceName":"into"}
{"level":"info","time":"2023-09-27T22:37:14.870+0800","line":"db/mysql.go:61","msg":"SELECT * FROM `block_store` WHERE id=100 ORDER BY `block_store`.`id` LIMIT 1","serviceName":"into"}
{"level":"info","time":"2023-09-27T22:37:17.759+0800","line":"db/mysql.go:61","msg":"UPDATE `block_store` SET `start_block`=2316974 WHERE id=100","serviceName":"into"}
{"level":"info","time":"2023-09-27T22:37:34.872+0800","line":"db/mysql.go:61","msg":"SELECT * FROM `block_store` WHERE id=100 ORDER BY `block_store`.`id` LIMIT 1","serviceName":"into"}
{"level":"info","time":"2023-09-27T22:37:37.135+0800","line":"db/mysql.go:61","msg":"UPDATE `block_store` SET `start_block`=2317974 WHERE id=100","serviceName":"into"}
{"level":"info","time":"2023-09-27T22:37:54.880+0800","line":"db/mysql.go:61","msg":"SELECT * FROM `block_store` WHERE id=100 ORDER BY `block_store`.`id` LIMIT 1","serviceName":"into"}
{"level":"info","time":"2023-09-27T22:37:55.847+0800","line":"db/mysql.go:61","msg":"UPDATE `block_store` SET `start_block`=2318974 WHERE id=100","serviceName":"into"}
{"level":"info","time":"2023-09-27T22:38:14.879+0800","line":"db/mysql.go:61","msg":"SELECT * FROM `block_store` WHERE id=100 ORDER BY `block_store`.`id` LIMIT 1","serviceName":"into"}
{"level":"info","time":"2023-09-27T22:38:16.039+0800","line":"db/mysql.go:61","msg":"UPDATE `block_store` SET `start_block`=2319974 WHERE id=100","serviceName":"into"}
{"level":"info","time":"2023-09-27T22:38:34.873+0800","line":"db/mysql.go:61","msg":"SELECT * FROM `block_store` WHERE id=100 ORDER BY `block_store`.`id` LIMIT 1","serviceName":"into"}
{"level":"info","time":"2023-09-27T22:38:36.556+0800","line":"db/mysql.go:61","msg":"UPDATE `block_store` SET `start_block`=2320974 WHERE id=100","serviceName":"into"}
{"level":"info","time":"2023-09-27T22:38:54.867+0800","line":"db/mysql.go:61","msg":"SELECT * FROM `block_store` WHERE id=100 ORDER BY `block_store`.`id` LIMIT 1","serviceName":"into"}
{"level":"info","time":"2023-09-27T22:38:56.183+0800","line":"db/mysql.go:61","msg":"UPDATE `block_store` SET `start_block`=2321974 WHERE id=100","serviceName":"into"}
{"level":"info","time":"2023-09-27T22:39:14.866+0800","line":"db/mysql.go:61","msg":"SELECT * FROM `block_store` WHERE id=100 ORDER BY `block_store`.`id` LIMIT 1","serviceName":"into"}
{"level":"info","time":"2023-09-27T22:39:16.151+0800","line":"db/mysql.go:61","msg":"UPDATE `block_store` SET `start_block`=2322974 WHERE id=100","serviceName":"into"}
{"level":"info","time":"2023-09-27T22:39:34.868+0800","line":"db/mysql.go:61","msg":"SELECT * FROM `block_store` WHERE id=100 ORDER BY `block_store`.`id` LIMIT 1","serviceName":"into"}
{"level":"info","time":"2023-09-27T22:39:36.050+0800","line":"db/mysql.go:61","msg":"UPDATE `block_store` SET `start_block`=2323974 WHERE id=100","serviceName":"into"}
{"level":"info","time":"2023-09-27T22:39:54.872+0800","line":"db/mysql.go:61","msg":"SELECT * FROM `block_store` WHERE id=100 ORDER BY `block_store`.`id` LIMIT 1","serviceName":"into"}
{"level":"info","time":"2023-09-27T22:39:55.987+0800","line":"db/mysql.go:61","msg":"UPDATE `block_store` SET `start_block`=2324974 WHERE id=100","serviceName":"into"}
{"level":"info","time":"2023-09-27T22:40:14.861+0800","line":"db/mysql.go:61","msg":"SELECT * FROM `block_store` WHERE id=100 ORDER BY `block_store`.`id` LIMIT 1","serviceName":"into"}
{"level":"info","time":"2023-09-27T22:40:15.841+0800","line":"db/mysql.go:61","msg":"SELECT * FROM `swap` WHERE user='0x527ed974382dab0d59bc3517e0e4f118d2c8ec6b' and block_height=2698422 and tx_hash='0x767be73bef80056b65ba7278c053310800623faa741af8f8e94ea502ee632abd' ORDER BY `swap`.`id` LIMIT 1","serviceName":"into"}
{"level":"info","time":"2023-09-27T22:40:16.010+0800","line":"db/mysql.go:61","msg":"INSERT INTO `swap` (`user`,`tx_hash`,`tox`,`mat`,`block_height`,`ctime`) VALUES ('0x527ed974382dab0d59bc3517e0e4f118d2c8ec6b','0x767be73bef80056b65ba7278c053310800623faa741af8f8e94ea502ee632abd','10000000000000000000','100000000000000000',2698422,'2023-09-27 19:04:28')","serviceName":"into"}
{"level":"info","time":"2023-09-27T22:40:16.181+0800","line":"db/mysql.go:61","msg":"UPDATE `block_store` SET `start_block`=2699022 WHERE id=100","serviceName":"into"}
{"level":"info","time":"2023-09-27T22:40:34.869+0800","line":"db/mysql.go:61","msg":"SELECT * FROM `block_store` WHERE id=100 ORDER BY `block_store`.`id` LIMIT 1","serviceName":"into"}
{"level":"info","time":"2023-09-27T22:40:35.809+0800","line":"db/mysql.go:61","msg":"SELECT * FROM `swap` WHERE user='0xf69aa0e2785b638d888e93b6885b2ab6fc48bfbf' and block_height=2699023 and tx_hash='0xf38bdf7cb1be9c45ee572f268875725cc6f2c9c7282b67d385f92330cb55fa87' ORDER BY `swap`.`id` LIMIT 1","serviceName":"into"}
{"level":"info","time":"2023-09-27T22:40:35.980+0800","line":"db/mysql.go:61","msg":"INSERT INTO `swap` (`user`,`tx_hash`,`tox`,`mat`,`block_height`,`ctime`) VALUES ('0xf69aa0e2785b638d888e93b6885b2ab6fc48bfbf','0xf38bdf7cb1be9c45ee572f268875725cc6f2c9c7282b67d385f92330cb55fa87','10000000000000000000','100000000000000000',2699023,'2023-09-27 19:59:08')","serviceName":"into"}
{"level":"info","time":"2023-09-27T22:40:36.064+0800","line":"db/mysql.go:61","msg":"SELECT * FROM `swap` WHERE user='0x774422a393acb5438503aa91666a008cb7f1cc72' and block_height=2699044 and tx_hash='0xe457fd98bf5e8cced8cdea6c22fe7b14cf4255b2c6483e2ad995df2b3657dd3c' ORDER BY `swap`.`id` LIMIT 1","serviceName":"into"}
{"level":"info","time":"2023-09-27T22:40:36.238+0800","line":"db/mysql.go:61","msg":"INSERT INTO `swap` (`user`,`tx_hash`,`tox`,`mat`,`block_height`,`ctime`) VALUES ('0x774422a393acb5438503aa91666a008cb7f1cc72','0xe457fd98bf5e8cced8cdea6c22fe7b14cf4255b2c6483e2ad995df2b3657dd3c','30000000000000000000','300000000000000000',2699044,'2023-09-27 20:01:00')","serviceName":"into"}
{"level":"info","time":"2023-09-27T22:40:36.322+0800","line":"db/mysql.go:61","msg":"SELECT * FROM `swap` WHERE user='0x50e20a977a5217c1f367347e373c87096e893f42' and block_height=2699044 and tx_hash='0x4e632b375320ea08e55b8935c023e229e46fa9681f079146ce291ff98c3ca8e0' ORDER BY `swap`.`id` LIMIT 1","serviceName":"into"}
{"level":"info","time":"2023-09-27T22:40:36.493+0800","line":"db/mysql.go:61","msg":"INSERT INTO `swap` (`user`,`tx_hash`,`tox`,`mat`,`block_height`,`ctime`) VALUES ('0x50e20a977a5217c1f367347e373c87096e893f42','0x4e632b375320ea08e55b8935c023e229e46fa9681f079146ce291ff98c3ca8e0','10000000000000000000','100000000000000000',2699044,'2023-09-27 20:01:00')","serviceName":"into"}
{"level":"info","time":"2023-09-27T22:40:36.579+0800","line":"db/mysql.go:61","msg":"SELECT * FROM `swap` WHERE user='0x9dd05e8d35085749775168cda36ce532017ecdcb' and block_height=2699088 and tx_hash='0x1d5d3a375f15b51798a7a99e0f01529675a7222cabcbc999cc6b974e955766ba' ORDER BY `swap`.`id` LIMIT 1","serviceName":"into"}
{"level":"info","time":"2023-09-27T22:40:36.751+0800","line":"db/mysql.go:61","msg":"INSERT INTO `swap` (`user`,`tx_hash`,`tox`,`mat`,`block_height`,`ctime`) VALUES ('0x9dd05e8d35085749775168cda36ce532017ecdcb','0x1d5d3a375f15b51798a7a99e0f01529675a7222cabcbc999cc6b974e955766ba','50000000000000000000','500000000000000000',2699088,'2023-09-27 20:04:55')","serviceName":"into"}
{"level":"info","time":"2023-09-27T22:40:36.835+0800","line":"db/mysql.go:61","msg":"SELECT * FROM `swap` WHERE user='0xa054fa76e31eb2e8429d63fb244c440da12c14f8' and block_height=2699226 and tx_hash='0xbf31e4d45ffaefa7eac322dd51a121e2d94be3481858d8a302a50d8f49b12049' ORDER BY `swap`.`id` LIMIT 1","serviceName":"into"}
{"level":"info","time":"2023-09-27T22:40:37.005+0800","line":"db/mysql.go:61","msg":"INSERT INTO `swap` (`user`,`tx_hash`,`tox`,`mat`,`block_height`,`ctime`) VALUES ('0xa054fa76e31eb2e8429d63fb244c440da12c14f8','0xbf31e4d45ffaefa7eac322dd51a121e2d94be3481858d8a302a50d8f49b12049','100000000000000000000','1000000000000000000',2699226,'2023-09-27 20:17:11')","serviceName":"into"}
{"level":"info","time":"2023-09-27T22:40:37.090+0800","line":"db/mysql.go:61","msg":"SELECT * FROM `swap` WHERE user='0x65fc6ebada85de78f9cba3f73c9b7f3f9e14f2d5' and block_height=2699235 and tx_hash='0x1b3fc947e54646afd37c169ae2f5b13bc1bec78d33b357f214a0f327a1178900' ORDER BY `swap`.`id` LIMIT 1","serviceName":"into"}
{"level":"info","time":"2023-09-27T22:40:37.259+0800","line":"db/mysql.go:61","msg":"INSERT INTO `swap` (`user`,`tx_hash`,`tox`,`mat`,`block_height`,`ctime`) VALUES ('0x65fc6ebada85de78f9cba3f73c9b7f3f9e14f2d5','0x1b3fc947e54646afd37c169ae2f5b13bc1bec78d33b357f214a0f327a1178900','60000000000000000000','600000000000000000',2699235,'2023-09-27 20:17:59')","serviceName":"into"}
{"level":"info","time":"2023-09-27T22:40:37.344+0800","line":"db/mysql.go:61","msg":"SELECT * FROM `swap` WHERE user='0x9dd05e8d35085749775168cda36ce532017ecdcb' and block_height=2699238 and tx_hash='0x47e2a118c80c21d3b7c104ebd071091b6164238df01f3fd6ff0a22e2975f8dfd' ORDER BY `swap`.`id` LIMIT 1","serviceName":"into"}
{"level":"info","time":"2023-09-27T22:40:37.515+0800","line":"db/mysql.go:61","msg":"INSERT INTO `swap` (`user`,`tx_hash`,`tox`,`mat`,`block_height`,`ctime`) VALUES ('0x9dd05e8d35085749775168cda36ce532017ecdcb','0x47e2a118c80c21d3b7c104ebd071091b6164238df01f3fd6ff0a22e2975f8dfd','50000000000000000000','500000000000000000',2699238,'2023-09-27 20:18:15')","serviceName":"into"}
{"level":"info","time":"2023-09-27T22:40:37.599+0800","line":"db/mysql.go:61","msg":"SELECT * FROM `swap` WHERE user='0x9bc59da923c6a3624ddad9330fd1777b1787fa3a' and block_height=2699336 and tx_hash='0x83c3543ccbc5f8f852bec10f0abf495bae543541641a1435a1faac3061f9a82c' ORDER BY `swap`.`id` LIMIT 1","serviceName":"into"}
{"level":"info","time":"2023-09-27T22:40:37.769+0800","line":"db/mysql.go:61","msg":"INSERT INTO `swap` (`user`,`tx_hash`,`tox`,`mat`,`block_height`,`ctime`) VALUES ('0x9bc59da923c6a3624ddad9330fd1777b1787fa3a','0x83c3543ccbc5f8f852bec10f0abf495bae543541641a1435a1faac3061f9a82c','20000000000000000000','200000000000000000',2699336,'2023-09-27 20:26:58')","serviceName":"into"}
{"level":"info","time":"2023-09-27T22:40:37.855+0800","line":"db/mysql.go:61","msg":"SELECT * FROM `swap` WHERE user='0x78999e89610b2a2688b4ace38932d4cea0e81912' and block_height=2699362 and tx_hash='0x951d76cffab708e1b9f429e1f04c5a7965f206db64bf8c2537c11ce65ac5e20e' ORDER BY `swap`.`id` LIMIT 1","serviceName":"into"}
{"level":"info","time":"2023-09-27T22:40:38.025+0800","line":"db/mysql.go:61","msg":"INSERT INTO `swap` (`user`,`tx_hash`,`tox`,`mat`,`block_height`,`ctime`) VALUES ('0x78999e89610b2a2688b4ace38932d4cea0e81912','0x951d76cffab708e1b9f429e1f04c5a7965f206db64bf8c2537c11ce65ac5e20e','100000000000000000000','1000000000000000000',2699362,'2023-09-27 20:29:17')","serviceName":"into"}
{"level":"info","time":"2023-09-27T22:40:38.108+0800","line":"db/mysql.go:61","msg":"SELECT * FROM `swap` WHERE user='0x63a6c355a57e28d72205c32c39ad318abfa98862' and block_height=2699389 and tx_hash='0x321cb8cc798067aeedf32d6143bd9c646a09e1d4ba94a76438b791f850029291' ORDER BY `swap`.`id` LIMIT 1","serviceName":"into"}
{"level":"info","time":"2023-09-27T22:40:38.277+0800","line":"db/mysql.go:61","msg":"INSERT INTO `swap` (`user`,`tx_hash`,`tox`,`mat`,`block_height`,`ctime`) VALUES ('0x63a6c355a57e28d72205c32c39ad318abfa98862','0x321cb8cc798067aeedf32d6143bd9c646a09e1d4ba94a76438b791f850029291','10000000000000000000','100000000000000000',2699389,'2023-09-27 20:31:40')","serviceName":"into"}
{"level":"info","time":"2023-09-27T22:40:38.361+0800","line":"db/mysql.go:61","msg":"SELECT * FROM `swap` WHERE user='0x2b48acc28cebe81ed3dfb8fa1082a5c4065e503c' and block_height=2699473 and tx_hash='0x00a6d19250e4ba4cc632b91b1bb164f44453cb08eb166f368848814c0ef3cce4' ORDER BY `swap`.`id` LIMIT 1","serviceName":"into"}
{"level":"info","time":"2023-09-27T22:40:38.530+0800","line":"db/mysql.go:61","msg":"INSERT INTO `swap` (`user`,`tx_hash`,`tox`,`mat`,`block_height`,`ctime`) VALUES ('0x2b48acc28cebe81ed3dfb8fa1082a5c4065e503c','0x00a6d19250e4ba4cc632b91b1bb164f44453cb08eb166f368848814c0ef3cce4','100000000000000000000','1000000000000000000',2699473,'2023-09-27 20:39:08')","serviceName":"into"}
{"level":"info","time":"2023-09-27T22:40:38.614+0800","line":"db/mysql.go:61","msg":"SELECT * FROM `swap` WHERE user='0xb4b8c183be22703eabe990f67210ab252b441f32' and block_height=2699565 and tx_hash='0x62480b68543234f01d451f82c4bb16375fcb03154190a6ca6ec5c55ea4a135e7' ORDER BY `swap`.`id` LIMIT 1","serviceName":"into"}
{"level":"info","time":"2023-09-27T22:40:38.790+0800","line":"db/mysql.go:61","msg":"INSERT INTO `swap` (`user`,`tx_hash`,`tox`,`mat`,`block_height`,`ctime`) VALUES ('0xb4b8c183be22703eabe990f67210ab252b441f32','0x62480b68543234f01d451f82c4bb16375fcb03154190a6ca6ec5c55ea4a135e7','10000000000000000000','100000000000000000',2699565,'2023-09-27 20:47:18')","serviceName":"into"}
{"level":"info","time":"2023-09-27T22:40:38.874+0800","line":"db/mysql.go:61","msg":"SELECT * FROM `swap` WHERE user='0x6b9f3911c447ff4521f9c7f351445851fd489822' and block_height=2699565 and tx_hash='0xf17a56f06d77d2d5601df13398a6f3fd8603d7d78dda69f5b99eacd7a236b658' ORDER BY `swap`.`id` LIMIT 1","serviceName":"into"}
{"level":"info","time":"2023-09-27T22:40:39.045+0800","line":"db/mysql.go:61","msg":"INSERT INTO `swap` (`user`,`tx_hash`,`tox`,`mat`,`block_height`,`ctime`) VALUES ('0x6b9f3911c447ff4521f9c7f351445851fd489822','0xf17a56f06d77d2d5601df13398a6f3fd8603d7d78dda69f5b99eacd7a236b658','30000000000000000000','300000000000000000',2699565,'2023-09-27 20:47:18')","serviceName":"into"}
{"level":"info","time":"2023-09-27T22:40:39.129+0800","line":"db/mysql.go:61","msg":"SELECT * FROM `swap` WHERE user='0x58a090a6ca30a23803c5e8919fcbc2237661d34b' and block_height=2699707 and tx_hash='0x835d68e259ff60f9eea86ebc9f497a7389df65a8188c85bdce4bd0d8fff68b40' ORDER BY `swap`.`id` LIMIT 1","serviceName":"into"}
{"level":"info","time":"2023-09-27T22:40:39.299+0800","line":"db/mysql.go:61","msg":"INSERT INTO `swap` (`user`,`tx_hash`,`tox`,`mat`,`block_height`,`ctime`) VALUES ('0x58a090a6ca30a23803c5e8919fcbc2237661d34b','0x835d68e259ff60f9eea86ebc9f497a7389df65a8188c85bdce4bd0d8fff68b40','10000000000000000000','100000000000000000',2699707,'2023-09-27 20:59:55')","serviceName":"into"}
{"level":"info","time":"2023-09-27T22:40:39.384+0800","line":"db/mysql.go:61","msg":"SELECT * FROM `swap` WHERE user='0x43fde38d6c5c8b0268dd83b94d328d7a61e2e625' and block_height=2699715 and tx_hash='0x08bc237e0bcea5a602c1e28a9c3413e2a88aa1e536dcfeeacef38f656189c1ef' ORDER BY `swap`.`id` LIMIT 1","serviceName":"into"}
{"level":"info","time":"2023-09-27T22:40:39.552+0800","line":"db/mysql.go:61","msg":"INSERT INTO `swap` (`user`,`tx_hash`,`tox`,`mat`,`block_height`,`ctime`) VALUES ('0x43fde38d6c5c8b0268dd83b94d328d7a61e2e625','0x08bc237e0bcea5a602c1e28a9c3413e2a88aa1e536dcfeeacef38f656189c1ef','100000000000000000000','1000000000000000000',2699715,'2023-09-27 21:00:37')","serviceName":"into"}
{"level":"info","time":"2023-09-27T22:40:39.637+0800","line":"db/mysql.go:61","msg":"SELECT * FROM `swap` WHERE user='0xd0f4e90a7e6c88e8114ad856c0e692cff9776e40' and block_height=2699748 and tx_hash='0x63af7edbae4dad6e8858ead075ea64a26c2a8007a068bc84b4187d0075675cb2' ORDER BY `swap`.`id` LIMIT 1","serviceName":"into"}
{"level":"info","time":"2023-09-27T22:40:39.808+0800","line":"db/mysql.go:61","msg":"INSERT INTO `swap` (`user`,`tx_hash`,`tox`,`mat`,`block_height`,`ctime`) VALUES ('0xd0f4e90a7e6c88e8114ad856c0e692cff9776e40','0x63af7edbae4dad6e8858ead075ea64a26c2a8007a068bc84b4187d0075675cb2','10000000000000000000','100000000000000000',2699748,'2023-09-27 21:03:33')","serviceName":"into"}
{"level":"info","time":"2023-09-27T22:40:39.893+0800","line":"db/mysql.go:61","msg":"SELECT * FROM `swap` WHERE user='0x7f6354e822d9d397565b6651da6b6764f8b51396' and block_height=2699798 and tx_hash='0x0ade4a078fe6b5a0af0e829a4d2f3223d067a14e2655936679fdb4426f0b2feb' ORDER BY `swap`.`id` LIMIT 1","serviceName":"into"}
{"level":"info","time":"2023-09-27T22:40:40.064+0800","line":"db/mysql.go:61","msg":"INSERT INTO `swap` (`user`,`tx_hash`,`tox`,`mat`,`block_height`,`ctime`) VALUES ('0x7f6354e822d9d397565b6651da6b6764f8b51396','0x0ade4a078fe6b5a0af0e829a4d2f3223d067a14e2655936679fdb4426f0b2feb','50000000000000000000','500000000000000000',2699798,'2023-09-27 21:07:59')","serviceName":"into"}
{"level":"info","time":"2023-09-27T22:40:40.150+0800","line":"db/mysql.go:61","msg":"SELECT * FROM `swap` WHERE user='0x8c7ed89d69bf508fcaa71c58a4c7e90e570be8e9' and block_height=2699804 and tx_hash='0x3864bb88838af360cd992cd48c1a9b48b411c71b09795834ca123921d7e62b36' ORDER BY `swap`.`id` LIMIT 1","serviceName":"into"}
{"level":"info","time":"2023-09-27T22:40:40.322+0800","line":"db/mysql.go:61","msg":"INSERT INTO `swap` (`user`,`tx_hash`,`tox`,`mat`,`block_height`,`ctime`) VALUES ('0x8c7ed89d69bf508fcaa71c58a4c7e90e570be8e9','0x3864bb88838af360cd992cd48c1a9b48b411c71b09795834ca123921d7e62b36','10000000000000000000','100000000000000000',2699804,'2023-09-27 21:08:31')","serviceName":"into"}
{"level":"info","time":"2023-09-27T22:40:40.408+0800","line":"db/mysql.go:61","msg":"SELECT * FROM `swap` WHERE user='0xbd217924a735d66ba421a852b1df096378ba8b72' and block_height=2699821 and tx_hash='0x734b61e035c42ceda56213f0c75d52fd1f7e4daadca3f4b9d436849348c95553' ORDER BY `swap`.`id` LIMIT 1","serviceName":"into"}
{"level":"info","time":"2023-09-27T22:40:40.579+0800","line":"db/mysql.go:61","msg":"INSERT INTO `swap` (`user`,`tx_hash`,`tox`,`mat`,`block_height`,`ctime`) VALUES ('0xbd217924a735d66ba421a852b1df096378ba8b72','0x734b61e035c42ceda56213f0c75d52fd1f7e4daadca3f4b9d436849348c95553','90000000000000000000','900000000000000000',2699821,'2023-09-27 21:10:02')","serviceName":"into"}
{"level":"info","time":"2023-09-27T22:40:40.665+0800","line":"db/mysql.go:61","msg":"SELECT * FROM `swap` WHERE user='0xab63d22cbfd630601ec86d0e7fce8610f8f16560' and block_height=2699830 and tx_hash='0xa41a4b5e280cf1297d6d0ec0e8a9dbe7dbbe2542de1c101706cc9b8fd098ff51' ORDER BY `swap`.`id` LIMIT 1","serviceName":"into"}
{"level":"info","time":"2023-09-27T22:40:40.839+0800","line":"db/mysql.go:61","msg":"INSERT INTO `swap` (`user`,`tx_hash`,`tox`,`mat`,`block_height`,`ctime`) VALUES ('0xab63d22cbfd630601ec86d0e7fce8610f8f16560','0xa41a4b5e280cf1297d6d0ec0e8a9dbe7dbbe2542de1c101706cc9b8fd098ff51','50000000000000000000','500000000000000000',2699830,'2023-09-27 21:10:50')","serviceName":"into"}
{"level":"info","time":"2023-09-27T22:40:40.924+0800","line":"db/mysql.go:61","msg":"SELECT * FROM `swap` WHERE user='0x3dd92489ed1f6a27b17bad0977b729bb403a5d51' and block_height=2700013 and tx_hash='0xbc9eaca65697a5472751de691ef728609076d5dbef845b50d1cc96d9eae124a7' ORDER BY `swap`.`id` LIMIT 1","serviceName":"into"}
{"level":"info","time":"2023-09-27T22:40:41.095+0800","line":"db/mysql.go:61","msg":"INSERT INTO `swap` (`user`,`tx_hash`,`tox`,`mat`,`block_height`,`ctime`) VALUES ('0x3dd92489ed1f6a27b17bad0977b729bb403a5d51','0xbc9eaca65697a5472751de691ef728609076d5dbef845b50d1cc96d9eae124a7','100000000000000000000','1000000000000000000',2700013,'2023-09-27 21:27:04')","serviceName":"into"}
{"level":"info","time":"2023-09-27T22:40:41.268+0800","line":"db/mysql.go:61","msg":"UPDATE `block_store` SET `start_block`=2700022 WHERE id=100","serviceName":"into"}
{"level":"info","time":"2023-09-27T22:40:54.871+0800","line":"db/mysql.go:61","msg":"SELECT * FROM `block_store` WHERE id=100 ORDER BY `block_store`.`id` LIMIT 1","serviceName":"into"}
{"level":"error","time":"2023-09-27T22:40:55.374+0800","line":"service/pollBlock.go:24","msg":"endBlock > latest block , please waite","serviceName":"into"}
{"level":"info","time":"2023-09-27T22:41:14.861+0800","line":"db/mysql.go:61","msg":"SELECT * FROM `block_store` WHERE id=100 ORDER BY `block_store`.`id` LIMIT 1","serviceName":"into"}
{"level":"error","time":"2023-09-27T22:41:15.360+0800","line":"service/pollBlock.go:24","msg":"endBlock > latest block , please waite","serviceName":"into"}
{"level":"info","time":"2023-09-27T22:41:34.862+0800","line":"db/mysql.go:61","msg":"SELECT * FROM `block_store` WHERE id=100 ORDER BY `block_store`.`id` LIMIT 1","serviceName":"into"}
{"level":"error","time":"2023-09-27T22:41:35.363+0800","line":"service/pollBlock.go:24","msg":"endBlock > latest block , please waite","serviceName":"into"}
{"level":"info","time":"2023-09-27T22:41:54.857+0800","line":"db/mysql.go:61","msg":"SELECT * FROM `block_store` WHERE id=100 ORDER BY `block_store`.`id` LIMIT 1","serviceName":"into"}
{"level":"error","time":"2023-09-27T22:41:55.398+0800","line":"service/pollBlock.go:24","msg":"endBlock > latest block , please waite","serviceName":"into"}
{"level":"info","time":"2023-09-27T22:42:14.855+0800","line":"db/mysql.go:61","msg":"SELECT * FROM `block_store` WHERE id=100 ORDER BY `block_store`.`id` LIMIT 1","serviceName":"into"}
{"level":"error","time":"2023-09-27T22:42:15.379+0800","line":"service/pollBlock.go:24","msg":"endBlock > latest block , please waite","serviceName":"into"}
{"level":"info","time":"2023-09-27T22:42:34.857+0800","line":"db/mysql.go:61","msg":"SELECT * FROM `block_store` WHERE id=100 ORDER BY `block_store`.`id` LIMIT 1","serviceName":"into"}
{"level":"error","time":"2023-09-27T22:42:35.341+0800","line":"service/pollBlock.go:24","msg":"endBlock > latest block , please waite","serviceName":"into"}
{"level":"info","time":"2023-09-27T22:42:54.864+0800","line":"db/mysql.go:61","msg":"SELECT * FROM `block_store` WHERE id=100 ORDER BY `block_store`.`id` LIMIT 1","serviceName":"into"}
{"level":"error","time":"2023-09-27T22:42:55.382+0800","line":"service/pollBlock.go:24","msg":"endBlock > latest block , please waite","serviceName":"into"}
{"level":"info","time":"2023-09-27T22:43:14.863+0800","line":"db/mysql.go:61","msg":"SELECT * FROM `block_store` WHERE id=100 ORDER BY `block_store`.`id` LIMIT 1","serviceName":"into"}
{"level":"error","time":"2023-09-27T22:43:15.340+0800","line":"service/pollBlock.go:24","msg":"endBlock > latest block , please waite","serviceName":"into"}
{"level":"info","time":"2023-09-27T22:43:34.862+0800","line":"db/mysql.go:61","msg":"SELECT * FROM `block_store` WHERE id=100 ORDER BY `block_store`.`id` LIMIT 1","serviceName":"into"}
{"level":"error","time":"2023-09-27T22:43:35.380+0800","line":"service/pollBlock.go:24","msg":"endBlock > latest block , please waite","serviceName":"into"}
{"level":"info","time":"2023-09-27T22:43:54.866+0800","line":"db/mysql.go:61","msg":"SELECT * FROM `block_store` WHERE id=100 ORDER BY `block_store`.`id` LIMIT 1","serviceName":"into"}
{"level":"error","time":"2023-09-27T22:43:55.351+0800","line":"service/pollBlock.go:24","msg":"endBlock > latest block , please waite","serviceName":"into"}
{"level":"info","time":"2023-09-27T22:44:14.857+0800","line":"db/mysql.go:61","msg":"SELECT * FROM `block_store` WHERE id=100 ORDER BY `block_store`.`id` LIMIT 1","serviceName":"into"}
{"level":"error","time":"2023-09-27T22:44:15.487+0800","line":"service/pollBlock.go:24","msg":"endBlock > latest block , please waite","serviceName":"into"}
{"level":"info","time":"2023-09-27T22:44:34.191+0800","line":"db/mysql.go:12","msg":"Init Mysql","serviceName":"into"}
{"level":"info","time":"2023-09-27T22:44:35.875+0800","line":"db/mysql.go:61","msg":"SELECT * FROM `block_store` WHERE id=100 ORDER BY `block_store`.`id` LIMIT 1","serviceName":"into"}
{"level":"error","time":"2023-09-27T22:44:36.405+0800","line":"service/pollBlock.go:24","msg":"endBlock > latest block , please waite","serviceName":"into"}
{"level":"info","time":"2023-09-27T22:44:55.870+0800","line":"db/mysql.go:61","msg":"SELECT * FROM `block_store` WHERE id=100 ORDER BY `block_store`.`id` LIMIT 1","serviceName":"into"}
{"level":"error","time":"2023-09-27T22:44:56.402+0800","line":"service/pollBlock.go:24","msg":"endBlock > latest block , please waite","serviceName":"into"}
{"level":"info","time":"2023-09-27T22:45:15.863+0800","line":"db/mysql.go:61","msg":"SELECT * FROM `block_store` WHERE id=100 ORDER BY `block_store`.`id` LIMIT 1","serviceName":"into"}
{"level":"error","time":"2023-09-27T22:45:16.394+0800","line":"service/pollBlock.go:24","msg":"endBlock > latest block , please waite","serviceName":"into"}
{"level":"info","time":"2023-09-27T22:45:35.869+0800","line":"db/mysql.go:61","msg":"SELECT * FROM `block_store` WHERE id=100 ORDER BY `block_store`.`id` LIMIT 1","serviceName":"into"}
{"level":"error","time":"2023-09-27T22:45:36.395+0800","line":"service/pollBlock.go:24","msg":"endBlock > latest block , please waite","serviceName":"into"}
{"level":"info","time":"2023-09-27T22:45:55.860+0800","line":"db/mysql.go:61","msg":"SELECT * FROM `block_store` WHERE id=100 ORDER BY `block_store`.`id` LIMIT 1","serviceName":"into"}
{"level":"error","time":"2023-09-27T22:45:56.361+0800","line":"service/pollBlock.go:24","msg":"endBlock > latest block , please waite","serviceName":"into"}
{"level":"info","time":"2023-09-27T22:52:31.957+0800","line":"db/mysql.go:12","msg":"Init Mysql","serviceName":"into"}
{"level":"info","time":"2023-09-27T22:52:33.837+0800","line":"db/mysql.go:61","msg":"SELECT * FROM `block_store` WHERE id=100 ORDER BY `block_store`.`id` LIMIT 1","serviceName":"into"}
{"level":"info","time":"2023-09-27T22:52:34.834+0800","line":"db/mysql.go:61","msg":"SELECT * FROM `swap` WHERE user='0x527ed974382dab0d59bc3517e0e4f118d2c8ec6b' and block_height=2698422 and tx_hash='0x767be73bef80056b65ba7278c053310800623faa741af8f8e94ea502ee632abd' ORDER BY `swap`.`id` LIMIT 1","serviceName":"into"}
{"level":"info","time":"2023-09-27T22:52:35.058+0800","line":"db/mysql.go:61","msg":"INSERT INTO `swap` (`user`,`tx_hash`,`tox`,`mat`,`block_height`,`ctime`) VALUES ('0x527ed974382dab0d59bc3517e0e4f118d2c8ec6b','0x767be73bef80056b65ba7278c053310800623faa741af8f8e94ea502ee632abd','10000000000000000000','100000000000000000',2698422,'2023-09-27 19:04:28')","serviceName":"into"}
{"level":"info","time":"2023-09-27T22:52:53.844+0800","line":"db/mysql.go:61","msg":"SELECT * FROM `block_store` WHERE id=100 ORDER BY `block_store`.`id` LIMIT 1","serviceName":"into"}
{"level":"info","time":"2023-09-27T22:52:54.799+0800","line":"db/mysql.go:61","msg":"SELECT * FROM `swap` WHERE user='0x527ed974382dab0d59bc3517e0e4f118d2c8ec6b' and block_height=2698422 and tx_hash='0x767be73bef80056b65ba7278c053310800623faa741af8f8e94ea502ee632abd' ORDER BY `swap`.`id` LIMIT 1","serviceName":"into"}
{"level":"info","time":"2023-09-27T22:53:13.834+0800","line":"db/mysql.go:61","msg":"SELECT * FROM `block_store` WHERE id=100 ORDER BY `block_store`.`id` LIMIT 1","serviceName":"into"}
{"level":"info","time":"2023-09-27T22:53:14.827+0800","line":"db/mysql.go:61","msg":"SELECT * FROM `swap` WHERE user='0x527ed974382dab0d59bc3517e0e4f118d2c8ec6b' and block_height=2698422 and tx_hash='0x767be73bef80056b65ba7278c053310800623faa741af8f8e94ea502ee632abd' ORDER BY `swap`.`id` LIMIT 1","serviceName":"into"}
{"level":"info","time":"2023-09-27T22:53:33.833+0800","line":"db/mysql.go:61","msg":"SELECT * FROM `block_store` WHERE id=100 ORDER BY `block_store`.`id` LIMIT 1","serviceName":"into"}
{"level":"info","time":"2023-09-27T22:53:34.740+0800","line":"db/mysql.go:61","msg":"SELECT * FROM `swap` WHERE user='0x527ed974382dab0d59bc3517e0e4f118d2c8ec6b' and block_height=2698422 and tx_hash='0x767be73bef80056b65ba7278c053310800623faa741af8f8e94ea502ee632abd' ORDER BY `swap`.`id` LIMIT 1","serviceName":"into"}
{"level":"info","time":"2023-09-27T22:53:53.831+0800","line":"db/mysql.go:61","msg":"SELECT * FROM `block_store` WHERE id=100 ORDER BY `block_store`.`id` LIMIT 1","serviceName":"into"}
{"level":"info","time":"2023-09-27T22:53:54.814+0800","line":"db/mysql.go:61","msg":"SELECT * FROM `swap` WHERE user='0x527ed974382dab0d59bc3517e0e4f118d2c8ec6b' and block_height=2698422 and tx_hash='0x767be73bef80056b65ba7278c053310800623faa741af8f8e94ea502ee632abd' ORDER BY `swap`.`id` LIMIT 1","serviceName":"into"}
{"level":"info","time":"2023-09-27T22:54:13.840+0800","line":"db/mysql.go:61","msg":"SELECT * FROM `block_store` WHERE id=100 ORDER BY `block_store`.`id` LIMIT 1","serviceName":"into"}
{"level":"info","time":"2023-09-27T22:54:14.755+0800","line":"db/mysql.go:61","msg":"SELECT * FROM `swap` WHERE user='0x527ed974382dab0d59bc3517e0e4f118d2c8ec6b' and block_height=2698422 and tx_hash='0x767be73bef80056b65ba7278c053310800623faa741af8f8e94ea502ee632abd' ORDER BY `swap`.`id` LIMIT 1","serviceName":"into"}
{"level":"info","time":"2023-09-27T22:54:33.831+0800","line":"db/mysql.go:61","msg":"SELECT * FROM `block_store` WHERE id=100 ORDER BY `block_store`.`id` LIMIT 1","serviceName":"into"}
{"level":"info","time":"2023-09-27T22:54:34.865+0800","line":"db/mysql.go:61","msg":"SELECT * FROM `swap` WHERE user='0x527ed974382dab0d59bc3517e0e4f118d2c8ec6b' and block_height=2698422 and tx_hash='0x767be73bef80056b65ba7278c053310800623faa741af8f8e94ea502ee632abd' ORDER BY `swap`.`id` LIMIT 1","serviceName":"into"}
{"level":"info","time":"2023-09-27T23:15:25.197+0800","line":"db/mysql.go:12","msg":"Init Mysql","serviceName":"into"}
{"level":"info","time":"2023-09-27T23:15:26.893+0800","line":"db/mysql.go:61","msg":"SELECT * FROM `block_store` WHERE id=100 ORDER BY `block_store`.`id` LIMIT 1","serviceName":"into"}
{"level":"info","time":"2023-09-27T23:15:28.253+0800","line":"db/mysql.go:61","msg":"SELECT * FROM `swap` WHERE user='0x527ed974382dab0d59bc3517e0e4f118d2c8ec6b' and block_height=2698422 and tx_hash='0x767be73bef80056b65ba7278c053310800623faa741af8f8e94ea502ee632abd' ORDER BY `swap`.`id` LIMIT 1","serviceName":"into"}
{"level":"info","time":"2023-09-27T23:15:28.425+0800","line":"db/mysql.go:61","msg":"UPDATE `block_store` SET `start_block`=2699022 WHERE id=100","serviceName":"into"}
{"level":"info","time":"2023-09-27T23:18:59.184+0800","line":"db/mysql.go:12","msg":"Init Mysql","serviceName":"into"}
{"level":"info","time":"2023-09-27T23:19:00.896+0800","line":"db/mysql.go:61","msg":"SELECT * FROM `block_store` WHERE id=100 ORDER BY `block_store`.`id` LIMIT 1","serviceName":"into"}
{"level":"info","time":"2023-09-27T23:19:01.743+0800","line":"db/mysql.go:61","msg":"SELECT * FROM `swap` WHERE user='0xf69aa0e2785b638d888e93b6885b2ab6fc48bfbf' and block_height=2699023 and tx_hash='0xf38bdf7cb1be9c45ee572f268875725cc6f2c9c7282b67d385f92330cb55fa87' ORDER BY `swap`.`id` LIMIT 1","serviceName":"into"}
{"level":"info","time":"2023-09-27T23:19:01.924+0800","line":"db/mysql.go:61","msg":"INSERT INTO `swap` (`user`,`tx_hash`,`tox`,`mat`,`block_height`,`ctime`) VALUES ('0xf69aa0e2785b638d888e93b6885b2ab6fc48bfbf','0xf38bdf7cb1be9c45ee572f268875725cc6f2c9c7282b67d385f92330cb55fa87','10000000000000000000','100000000000000000',2699023,'2023-09-27 19:59:08')","serviceName":"into"}
{"level":"info","time":"2023-09-27T23:19:02.013+0800","line":"db/mysql.go:61","msg":"SELECT * FROM `swap` WHERE user='0x774422a393acb5438503aa91666a008cb7f1cc72' and block_height=2699044 and tx_hash='0xe457fd98bf5e8cced8cdea6c22fe7b14cf4255b2c6483e2ad995df2b3657dd3c' ORDER BY `swap`.`id` LIMIT 1","serviceName":"into"}
{"level":"info","time":"2023-09-27T23:19:02.193+0800","line":"db/mysql.go:61","msg":"INSERT INTO `swap` (`user`,`tx_hash`,`tox`,`mat`,`block_height`,`ctime`) VALUES ('0x774422a393acb5438503aa91666a008cb7f1cc72','0xe457fd98bf5e8cced8cdea6c22fe7b14cf4255b2c6483e2ad995df2b3657dd3c','30000000000000000000','300000000000000000',2699044,'2023-09-27 20:01:00')","serviceName":"into"}
{"level":"info","time":"2023-09-27T23:19:02.285+0800","line":"db/mysql.go:61","msg":"SELECT * FROM `swap` WHERE user='0x50e20a977a5217c1f367347e373c87096e893f42' and block_height=2699044 and tx_hash='0x4e632b375320ea08e55b8935c023e229e46fa9681f079146ce291ff98c3ca8e0' ORDER BY `swap`.`id` LIMIT 1","serviceName":"into"}
{"level":"info","time":"2023-09-27T23:19:02.467+0800","line":"db/mysql.go:61","msg":"INSERT INTO `swap` (`user`,`tx_hash`,`tox`,`mat`,`block_height`,`ctime`) VALUES ('0x50e20a977a5217c1f367347e373c87096e893f42','0x4e632b375320ea08e55b8935c023e229e46fa9681f079146ce291ff98c3ca8e0','10000000000000000000','100000000000000000',2699044,'2023-09-27 20:01:00')","serviceName":"into"}
{"level":"info","time":"2023-09-27T23:19:02.555+0800","line":"db/mysql.go:61","msg":"SELECT * FROM `swap` WHERE user='0x9dd05e8d35085749775168cda36ce532017ecdcb' and block_height=2699088 and tx_hash='0x1d5d3a375f15b51798a7a99e0f01529675a7222cabcbc999cc6b974e955766ba' ORDER BY `swap`.`id` LIMIT 1","serviceName":"into"}
{"level":"info","time":"2023-09-27T23:19:02.736+0800","line":"db/mysql.go:61","msg":"INSERT INTO `swap` (`user`,`tx_hash`,`tox`,`mat`,`block_height`,`ctime`) VALUES ('0x9dd05e8d35085749775168cda36ce532017ecdcb','0x1d5d3a375f15b51798a7a99e0f01529675a7222cabcbc999cc6b974e955766ba','50000000000000000000','500000000000000000',2699088,'2023-09-27 20:04:55')","serviceName":"into"}
{"level":"info","time":"2023-09-27T23:19:02.823+0800","line":"db/mysql.go:61","msg":"SELECT * FROM `swap` WHERE user='0xa054fa76e31eb2e8429d63fb244c440da12c14f8' and block_height=2699226 and tx_hash='0xbf31e4d45ffaefa7eac322dd51a121e2d94be3481858d8a302a50d8f49b12049' ORDER BY `swap`.`id` LIMIT 1","serviceName":"into"}
{"level":"info","time":"2023-09-27T23:19:03.003+0800","line":"db/mysql.go:61","msg":"INSERT INTO `swap` (`user`,`tx_hash`,`tox`,`mat`,`block_height`,`ctime`) VALUES ('0xa054fa76e31eb2e8429d63fb244c440da12c14f8','0xbf31e4d45ffaefa7eac322dd51a121e2d94be3481858d8a302a50d8f49b12049','100000000000000000000','1000000000000000000',2699226,'2023-09-27 20:17:11')","serviceName":"into"}
{"level":"info","time":"2023-09-27T23:19:03.093+0800","line":"db/mysql.go:61","msg":"SELECT * FROM `swap` WHERE user='0x65fc6ebada85de78f9cba3f73c9b7f3f9e14f2d5' and block_height=2699235 and tx_hash='0x1b3fc947e54646afd37c169ae2f5b13bc1bec78d33b357f214a0f327a1178900' ORDER BY `swap`.`id` LIMIT 1","serviceName":"into"}
{"level":"info","time":"2023-09-27T23:19:03.269+0800","line":"db/mysql.go:61","msg":"INSERT INTO `swap` (`user`,`tx_hash`,`tox`,`mat`,`block_height`,`ctime`) VALUES ('0x65fc6ebada85de78f9cba3f73c9b7f3f9e14f2d5','0x1b3fc947e54646afd37c169ae2f5b13bc1bec78d33b357f214a0f327a1178900','60000000000000000000','600000000000000000',2699235,'2023-09-27 20:17:59')","serviceName":"into"}
{"level":"info","time":"2023-09-27T23:19:03.357+0800","line":"db/mysql.go:61","msg":"SELECT * FROM `swap` WHERE user='0x9dd05e8d35085749775168cda36ce532017ecdcb' and block_height=2699238 and tx_hash='0x47e2a118c80c21d3b7c104ebd071091b6164238df01f3fd6ff0a22e2975f8dfd' ORDER BY `swap`.`id` LIMIT 1","serviceName":"into"}
{"level":"info","time":"2023-09-27T23:19:03.536+0800","line":"db/mysql.go:61","msg":"INSERT INTO `swap` (`user`,`tx_hash`,`tox`,`mat`,`block_height`,`ctime`) VALUES ('0x9dd05e8d35085749775168cda36ce532017ecdcb','0x47e2a118c80c21d3b7c104ebd071091b6164238df01f3fd6ff0a22e2975f8dfd','50000000000000000000','500000000000000000',2699238,'2023-09-27 20:18:15')","serviceName":"into"}
{"level":"info","time":"2023-09-27T23:19:03.624+0800","line":"db/mysql.go:61","msg":"SELECT * FROM `swap` WHERE user='0x9bc59da923c6a3624ddad9330fd1777b1787fa3a' and block_height=2699336 and tx_hash='0x83c3543ccbc5f8f852bec10f0abf495bae543541641a1435a1faac3061f9a82c' ORDER BY `swap`.`id` LIMIT 1","serviceName":"into"}
{"level":"info","time":"2023-09-27T23:19:03.803+0800","line":"db/mysql.go:61","msg":"INSERT INTO `swap` (`user`,`tx_hash`,`tox`,`mat`,`block_height`,`ctime`) VALUES ('0x9bc59da923c6a3624ddad9330fd1777b1787fa3a','0x83c3543ccbc5f8f852bec10f0abf495bae543541641a1435a1faac3061f9a82c','20000000000000000000','200000000000000000',2699336,'2023-09-27 20:26:58')","serviceName":"into"}
{"level":"info","time":"2023-09-27T23:19:03.891+0800","line":"db/mysql.go:61","msg":"SELECT * FROM `swap` WHERE user='0x78999e89610b2a2688b4ace38932d4cea0e81912' and block_height=2699362 and tx_hash='0x951d76cffab708e1b9f429e1f04c5a7965f206db64bf8c2537c11ce65ac5e20e' ORDER BY `swap`.`id` LIMIT 1","serviceName":"into"}
{"level":"info","time":"2023-09-27T23:19:04.068+0800","line":"db/mysql.go:61","msg":"INSERT INTO `swap` (`user`,`tx_hash`,`tox`,`mat`,`block_height`,`ctime`) VALUES ('0x78999e89610b2a2688b4ace38932d4cea0e81912','0x951d76cffab708e1b9f429e1f04c5a7965f206db64bf8c2537c11ce65ac5e20e','100000000000000000000','1000000000000000000',2699362,'2023-09-27 20:29:17')","serviceName":"into"}
{"level":"info","time":"2023-09-27T23:19:04.156+0800","line":"db/mysql.go:61","msg":"SELECT * FROM `swap` WHERE user='0x63a6c355a57e28d72205c32c39ad318abfa98862' and block_height=2699389 and tx_hash='0x321cb8cc798067aeedf32d6143bd9c646a09e1d4ba94a76438b791f850029291' ORDER BY `swap`.`id` LIMIT 1","serviceName":"into"}
{"level":"info","time":"2023-09-27T23:19:04.335+0800","line":"db/mysql.go:61","msg":"INSERT INTO `swap` (`user`,`tx_hash`,`tox`,`mat`,`block_height`,`ctime`) VALUES ('0x63a6c355a57e28d72205c32c39ad318abfa98862','0x321cb8cc798067aeedf32d6143bd9c646a09e1d4ba94a76438b791f850029291','10000000000000000000','100000000000000000',2699389,'2023-09-27 20:31:40')","serviceName":"into"}
{"level":"info","time":"2023-09-27T23:19:04.423+0800","line":"db/mysql.go:61","msg":"SELECT * FROM `swap` WHERE user='0x2b48acc28cebe81ed3dfb8fa1082a5c4065e503c' and block_height=2699473 and tx_hash='0x00a6d19250e4ba4cc632b91b1bb164f44453cb08eb166f368848814c0ef3cce4' ORDER BY `swap`.`id` LIMIT 1","serviceName":"into"}
{"level":"info","time":"2023-09-27T23:19:04.601+0800","line":"db/mysql.go:61","msg":"INSERT INTO `swap` (`user`,`tx_hash`,`tox`,`mat`,`block_height`,`ctime`) VALUES ('0x2b48acc28cebe81ed3dfb8fa1082a5c4065e503c','0x00a6d19250e4ba4cc632b91b1bb164f44453cb08eb166f368848814c0ef3cce4','100000000000000000000','1000000000000000000',2699473,'2023-09-27 20:39:08')","serviceName":"into"}
{"level":"info","time":"2023-09-27T23:19:04.781+0800","line":"db/mysql.go:61","msg":"UPDATE `block_store` SET `start_block`=2700022 WHERE id=100","serviceName":"into"}
{"level":"info","time":"2023-09-27T23:24:00.875+0800","line":"db/mysql.go:61","msg":"SELECT * FROM `block_store` WHERE id=100 ORDER BY `block_store`.`id` LIMIT 1","serviceName":"into"}
{"level":"info","time":"2023-09-27T23:24:01.676+0800","line":"db/mysql.go:61","msg":"SELECT * FROM `swap` WHERE user='0xa2d259a8ebdfe4669ed1ba59c48db8493cbeb475' and block_height=2700074 and tx_hash='0x4fe88383677e1e11b832f346b0f3208e7f8ec68fe1cc059baedc64fa96c12d91' ORDER BY `swap`.`id` LIMIT 1","serviceName":"into"}
{"level":"info","time":"2023-09-27T23:24:01.857+0800","line":"db/mysql.go:61","msg":"INSERT INTO `swap` (`user`,`tx_hash`,`tox`,`mat`,`block_height`,`ctime`) VALUES ('0xa2d259a8ebdfe4669ed1ba59c48db8493cbeb475','0x4fe88383677e1e11b832f346b0f3208e7f8ec68fe1cc059baedc64fa96c12d91','50000000000000000000','500000000000000000',2700074,'2023-09-27 21:32:30')","serviceName":"into"}
{"level":"info","time":"2023-09-27T23:24:01.946+0800","line":"db/mysql.go:61","msg":"SELECT * FROM `swap` WHERE user='0x542b5c07e1b383d3e5f78f928d1240a2cb8af65b' and block_height=2700281 and tx_hash='0x590b52d5a90e7417fb79566ca21e239ecbd1f9f6337886b35fbed4b34254481f' ORDER BY `swap`.`id` LIMIT 1","serviceName":"into"}
{"level":"info","time":"2023-09-27T23:24:02.127+0800","line":"db/mysql.go:61","msg":"INSERT INTO `swap` (`user`,`tx_hash`,`tox`,`mat`,`block_height`,`ctime`) VALUES ('0x542b5c07e1b383d3e5f78f928d1240a2cb8af65b','0x590b52d5a90e7417fb79566ca21e239ecbd1f9f6337886b35fbed4b34254481f','50000000000000000000','500000000000000000',2700281,'2023-09-27 21:50:53')","serviceName":"into"}
{"level":"info","time":"2023-09-27T23:24:02.215+0800","line":"db/mysql.go:61","msg":"SELECT * FROM `swap` WHERE user='0x747d324184422fd651a8fc9fdbd98a17d9fffd44' and block_height=2700457 and tx_hash='0x551e9ebcd1181e812481dcbc267d8ed8d02cfd1a24be53e9eeb3e184623a7116' ORDER BY `swap`.`id` LIMIT 1","serviceName":"into"}
{"level":"info","time":"2023-09-27T23:24:02.398+0800","line":"db/mysql.go:61","msg":"INSERT INTO `swap` (`user`,`tx_hash`,`tox`,`mat`,`block_height`,`ctime`) VALUES ('0x747d324184422fd651a8fc9fdbd98a17d9fffd44','0x551e9ebcd1181e812481dcbc267d8ed8d02cfd1a24be53e9eeb3e184623a7116','10000000000000000000','100000000000000000',2700457,'2023-09-27 22:06:31')","serviceName":"into"}
{"level":"info","time":"2023-09-27T23:24:02.487+0800","line":"db/mysql.go:61","msg":"SELECT * FROM `swap` WHERE user='0xc70baac86f24b904e6c7f264e15debc1fc228bd2' and block_height=2700460 and tx_hash='0xbda1eb44dc74b3a02dadeeab0f08bb100857700f8bf93aad80ec415f87da2369' ORDER BY `swap`.`id` LIMIT 1","serviceName":"into"}
{"level":"info","time":"2023-09-27T23:24:02.665+0800","line":"db/mysql.go:61","msg":"INSERT INTO `swap` (`user`,`tx_hash`,`tox`,`mat`,`block_height`,`ctime`) VALUES ('0xc70baac86f24b904e6c7f264e15debc1fc228bd2','0xbda1eb44dc74b3a02dadeeab0f08bb100857700f8bf93aad80ec415f87da2369','10000000000000000000','100000000000000000',2700460,'2023-09-27 22:06:47')","serviceName":"into"}
{"level":"info","time":"2023-09-27T23:24:02.754+0800","line":"db/mysql.go:61","msg":"SELECT * FROM `swap` WHERE user='0x6976c3522f84b0962b91fe9ed51d67b03c484c24' and block_height=2700511 and tx_hash='0x2a1781c7a71d92b8c078d5eca123090fd2be1f15c223da46b6bd9468d5eed9ad' ORDER BY `swap`.`id` LIMIT 1","serviceName":"into"}
{"level":"info","time":"2023-09-27T23:24:02.936+0800","line":"db/mysql.go:61","msg":"INSERT INTO `swap` (`user`,`tx_hash`,`tox`,`mat`,`block_height`,`ctime`) VALUES ('0x6976c3522f84b0962b91fe9ed51d67b03c484c24','0x2a1781c7a71d92b8c078d5eca123090fd2be1f15c223da46b6bd9468d5eed9ad','100000000000000000000','1000000000000000000',2700511,'2023-09-27 22:11:19')","serviceName":"into"}
{"level":"info","time":"2023-09-27T23:24:03.116+0800","line":"db/mysql.go:61","msg":"UPDATE `block_store` SET `start_block`=2701022 WHERE id=100","serviceName":"into"}
{"level":"info","time":"2023-09-27T23:29:00.885+0800","line":"db/mysql.go:61","msg":"SELECT * FROM `block_store` WHERE id=100 ORDER BY `block_store`.`id` LIMIT 1","serviceName":"into"}
{"level":"error","time":"2023-09-27T23:29:01.411+0800","line":"service/pollBlock.go:24","msg":"endBlock > latest block , please waite","serviceName":"into"}
{"level":"info","time":"2023-10-10T16:37:46.375+0800","line":"db/mysql.go:12","msg":"Init Mysql","serviceName":"into"}
{"level":"info","time":"2023-10-10T16:37:47.693+0800","line":"db/mysql.go:61","msg":"SELECT * FROM `claim_record` WHERE user='0x08a01be67ff47ba2652b7dce2005b47d81baac13' and tx_hash='' ORDER BY `claim_record`.`id` LIMIT 1","serviceName":"into"}
{"level":"info","time":"2023-10-10T16:38:20.899+0800","line":"db/mysql.go:12","msg":"Init Mysql","serviceName":"into"}
{"level":"info","time":"2023-10-10T16:38:25.018+0800","line":"db/mysql.go:61","msg":"SELECT * FROM `claim_record` WHERE user='0x08a01be67ff47ba2652b7dce2005b47d81baac13' and tx_hash='' ORDER BY `claim_record`.`id` LIMIT 1","serviceName":"into"}
{"level":"info","time":"2023-10-10T16:38:25.600+0800","line":"db/mysql.go:61","msg":"SELECT * FROM `claim_record` WHERE user='0x08a01be67ff47ba2652b7dce2005b47d81baac13' and tx_hash='' ORDER BY `claim_record`.`id` LIMIT 1","serviceName":"into"}
{"level":"info","time":"2023-10-10T16:40:05.343+0800","line":"db/mysql.go:12","msg":"Init Mysql","serviceName":"into"}
{"level":"info","time":"2023-10-10T16:40:06.578+0800","line":"db/mysql.go:61","msg":"SELECT * FROM `claim_record` WHERE user='0x08a01be67ff47ba2652b7dce2005b47d81baac13' and tx_hash='' ORDER BY `claim_record`.`id` LIMIT 1","serviceName":"into"}
{"level":"info","time":"2023-10-10T16:40:07.734+0800","line":"db/mysql.go:61","msg":"SELECT * FROM `claim_record` WHERE user='0x08a01be67ff47ba2652b7dce2005b47d81baac13' and tx_hash='' ORDER BY `claim_record`.`id` LIMIT 1","serviceName":"into"}
{"level":"info","time":"2023-10-10T16:40:08.353+0800","line":"db/mysql.go:61","msg":"SELECT * FROM `claim_record` WHERE user='0x08a01be67ff47ba2652b7dce2005b47d81baac13' and tx_hash='' ORDER BY `claim_record`.`id` LIMIT 1","serviceName":"into"}
{"level":"info","time":"2023-10-11T09:19:44.696+0800","line":"db/mysql.go:12","msg":"Init Mysql","serviceName":"into"}
{"level":"info","time":"2023-10-11T09:20:11.293+0800","line":"db/mysql.go:12","msg":"Init Mysql","serviceName":"into"}
{"level":"info","time":"2023-10-11T09:24:40.895+0800","line":"db/mysql.go:12","msg":"Init Mysql","serviceName":"into"}
{"level":"info","time":"2023-10-11T09:29:29.295+0800","line":"db/mysql.go:12","msg":"Init Mysql","serviceName":"into"}
{"level":"info","time":"2023-10-11T09:29:31.318+0800","line":"db/mysql.go:61","msg":"SELECT * FROM `claim_record` WHERE user='0x08a01be67ff47ba2652b7dce2005b47d81baac13' and tx_hash='' ORDER BY `claim_record`.`id` LIMIT 1","serviceName":"into"}
{"level":"info","time":"2023-10-11T09:29:31.597+0800","line":"db/mysql.go:61","msg":"SELECT * FROM `claim_record` WHERE user='0x08a01be67ff47ba2652b7dce2005b47d81baac13' and tx_hash='' ORDER BY `claim_record`.`id` LIMIT 1","serviceName":"into"}
{"level":"info","time":"2023-10-11T09:29:32.556+0800","line":"db/mysql.go:61","msg":"SELECT * FROM `claim_record` WHERE user='0x08a01be67ff47ba2652b7dce2005b47d81baac13' and tx_hash='' ORDER BY `claim_record`.`id` LIMIT 1","serviceName":"into"}
{"level":"info","time":"2023-10-11T09:29:33.079+0800","line":"db/mysql.go:61","msg":"SELECT * FROM `claim_record` WHERE user='0x08a01be67ff47ba2652b7dce2005b47d81baac13' and tx_hash='' ORDER BY `claim_record`.`id` LIMIT 1","serviceName":"into"}
{"level":"info","time":"2023-10-11T09:29:33.408+0800","line":"db/mysql.go:61","msg":"SELECT * FROM `claim_record` WHERE user='0x08a01be67ff47ba2652b7dce2005b47d81baac13' and tx_hash='' ORDER BY `claim_record`.`id` LIMIT 1","serviceName":"into"}
{"level":"info","time":"2023-10-11T09:29:33.664+0800","line":"db/mysql.go:61","msg":"SELECT * FROM `claim_record` WHERE user='0x08a01be67ff47ba2652b7dce2005b47d81baac13' and tx_hash='' ORDER BY `claim_record`.`id` LIMIT 1","serviceName":"into"}
{"level":"info","time":"2023-10-11T09:30:30.137+0800","line":"db/mysql.go:12","msg":"Init Mysql","serviceName":"into"}
{"level":"info","time":"2023-10-11T09:30:31.355+0800","line":"db/mysql.go:61","msg":"SELECT * FROM `claim_record` WHERE user='0x08a01be67ff47ba2652b7dce2005b47d81baac13' and tx_hash='' ORDER BY `claim_record`.`id` LIMIT 1","serviceName":"into"}
{"level":"info","time":"2023-10-11T09:30:31.749+0800","line":"db/mysql.go:61","msg":"SELECT * FROM `claim_record` WHERE user='0x08a01be67ff47ba2652b7dce2005b47d81baac13' and tx_hash='' ORDER BY `claim_record`.`id` LIMIT 1","serviceName":"into"}
{"level":"info","time":"2023-10-11T09:30:31.997+0800","line":"db/mysql.go:61","msg":"SELECT * FROM `claim_record` WHERE user='0x08a01be67ff47ba2652b7dce2005b47d81baac13' and tx_hash='' ORDER BY `claim_record`.`id` LIMIT 1","serviceName":"into"}
{"level":"info","time":"2023-10-11T09:30:32.650+0800","line":"db/mysql.go:61","msg":"SELECT * FROM `claim_record` WHERE user='0x08a01be67ff47ba2652b7dce2005b47d81baac13' and tx_hash='' ORDER BY `claim_record`.`id` LIMIT 1","serviceName":"into"}
{"level":"info","time":"2023-10-11T09:30:33.251+0800","line":"db/mysql.go:61","msg":"SELECT * FROM `claim_record` WHERE user='0x08a01be67ff47ba2652b7dce2005b47d81baac13' and tx_hash='' ORDER BY `claim_record`.`id` LIMIT 1","serviceName":"into"}
{"level":"info","time":"2023-10-11T09:30:33.508+0800","line":"db/mysql.go:61","msg":"SELECT * FROM `claim_record` WHERE user='0x08a01be67ff47ba2652b7dce2005b47d81baac13' and tx_hash='' ORDER BY `claim_record`.`id` LIMIT 1","serviceName":"into"}
{"level":"info","time":"2023-10-11T09:30:57.391+0800","line":"db/mysql.go:12","msg":"Init Mysql","serviceName":"into"}
{"level":"info","time":"2023-10-11T09:31:00.436+0800","line":"db/mysql.go:61","msg":"SELECT * FROM `claim_record` WHERE user='0x08a01be67ff47ba2652b7dce2005b47d81baac13' and tx_hash='0xbef4aaca2c98ce56303481729d901937d895ab2830c0237c287527bb3d599e23' ORDER BY `claim_record`.`id` LIMIT 1","serviceName":"into"}
{"level":"info","time":"2023-10-11T09:31:00.725+0800","line":"db/mysql.go:61","msg":"INSERT INTO `claim_record` (`user`,`amount`,`tx_hash`,`claim_type`,`ctime`) VALUES ('0x08a01be67ff47ba2652b7dce2005b47d81baac13','1','0xbef4aaca2c98ce56303481729d901937d895ab2830c0237c287527bb3d599e23',1,'2023-10-10 23:08:06')","serviceName":"into"}
{"level":"info","time":"2023-10-11T09:31:02.137+0800","line":"db/mysql.go:61","msg":"SELECT * FROM `claim_record` WHERE user='0x08a01be67ff47ba2652b7dce2005b47d81baac13' and tx_hash='0xcecf7f026e3d9c9f7b8c895b8bc51a66959ba9232507299f29c57e6393058ac5' ORDER BY `claim_record`.`id` LIMIT 1","serviceName":"into"}
{"level":"info","time":"2023-10-11T09:31:03.581+0800","line":"db/mysql.go:61","msg":"INSERT INTO `claim_record` (`user`,`amount`,`tx_hash`,`claim_type`,`ctime`) VALUES ('0x08a01be67ff47ba2652b7dce2005b47d81baac13','1','0xcecf7f026e3d9c9f7b8c895b8bc51a66959ba9232507299f29c57e6393058ac5',1,'2023-10-10 23:07:43')","serviceName":"into"}
{"level":"info","time":"2023-10-11T09:31:04.200+0800","line":"db/mysql.go:61","msg":"SELECT * FROM `claim_record` WHERE user='0x08a01be67ff47ba2652b7dce2005b47d81baac13' and tx_hash='0xab90d6966f0895dfddaa2d02399829a0b9b775966e15fa632a2a2e777803a384' ORDER BY `claim_record`.`id` LIMIT 1","serviceName":"into"}
{"level":"info","time":"2023-10-11T09:31:04.496+0800","line":"db/mysql.go:61","msg":"INSERT INTO `claim_record` (`user`,`amount`,`tx_hash`,`claim_type`,`ctime`) VALUES ('0x08a01be67ff47ba2652b7dce2005b47d81baac13','1','0xab90d6966f0895dfddaa2d02399829a0b9b775966e15fa632a2a2e777803a384',1,'2023-10-10 21:23:12')","serviceName":"into"}
{"level":"info","time":"2023-10-11T09:31:04.782+0800","line":"db/mysql.go:61","msg":"SELECT * FROM `claim_record` WHERE user='0x08a01be67ff47ba2652b7dce2005b47d81baac13' and tx_hash='0xae6a70801d6d1fc8033f4c09fc912f2836cc28bc3a54ce5ae31c046f0c8edb0a' ORDER BY `claim_record`.`id` LIMIT 1","serviceName":"into"}
{"level":"info","time":"2023-10-11T09:31:06.237+0800","line":"db/mysql.go:61","msg":"INSERT INTO `claim_record` (`user`,`amount`,`tx_hash`,`claim_type`,`ctime`) VALUES ('0x08a01be67ff47ba2652b7dce2005b47d81baac13','1','0xae6a70801d6d1fc8033f4c09fc912f2836cc28bc3a54ce5ae31c046f0c8edb0a',1,'2023-10-10 21:22:12')","serviceName":"into"}
{"level":"info","time":"2023-10-11T09:31:06.494+0800","line":"db/mysql.go:61","msg":"SELECT * FROM `claim_record` WHERE user='0x08a01be67ff47ba2652b7dce2005b47d81baac13' and tx_hash='0x4b27da09711f3364589092954c8738c5e5d86a650c2b02bd6b23a51236eaf405' ORDER BY `claim_record`.`id` LIMIT 1","serviceName":"into"}
{"level":"info","time":"2023-10-11T09:31:06.751+0800","line":"db/mysql.go:61","msg":"INSERT INTO `claim_record` (`user`,`amount`,`tx_hash`,`claim_type`,`ctime`) VALUES ('0x08a01be67ff47ba2652b7dce2005b47d81baac13','1','0x4b27da09711f3364589092954c8738c5e5d86a650c2b02bd6b23a51236eaf405',1,'2023-10-10 21:21:05')","serviceName":"into"}
{"level":"info","time":"2023-10-11T09:31:07.034+0800","line":"db/mysql.go:61","msg":"SELECT * FROM `claim_record` WHERE user='0x08a01be67ff47ba2652b7dce2005b47d81baac13' and tx_hash='0xab4b46074e04688b1aa0153790486cb30d76adf476c5974edac57f20261c9923' ORDER BY `claim_record`.`id` LIMIT 1","serviceName":"into"}
{"level":"info","time":"2023-10-11T09:31:09.173+0800","line":"db/mysql.go:61","msg":"INSERT INTO `claim_record` (`user`,`amount`,`tx_hash`,`claim_type`,`ctime`) VALUES ('0x08a01be67ff47ba2652b7dce2005b47d81baac13','1','0xab4b46074e04688b1aa0153790486cb30d76adf476c5974edac57f20261c9923',1,'2023-10-10 21:07:43')","serviceName":"into"}
{"level":"info","time":"2023-10-11T09:35:23.628+0800","line":"db/mysql.go:12","msg":"Init Mysql","serviceName":"into"}
{"level":"info","time":"2023-10-11T09:35:50.736+0800","line":"db/mysql.go:12","msg":"Init Mysql","serviceName":"into"}
{"level":"info","time":"2023-10-11T09:35:58.353+0800","line":"db/mysql.go:61","msg":"SELECT * FROM `claim_record` WHERE user='0x08a01be67ff47ba2652b7dce2005b47d81baac13' and tx_hash='0xab4b46074e04688b1aa0153790486cb30d76adf476c5974edac57f20261c9923' ORDER BY `claim_record`.`id` LIMIT 1","serviceName":"into"}
{"level":"info","time":"2023-10-11T09:35:58.756+0800","line":"db/mysql.go:61","msg":"INSERT INTO `claim_record` (`user`,`amount`,`tx_hash`,`claim_type`,`ctime`) VALUES ('0x08a01be67ff47ba2652b7dce2005b47d81baac13','1','0xab4b46074e04688b1aa0153790486cb30d76adf476c5974edac57f20261c9923',1,'2023-10-10 21:07:43')","serviceName":"into"}
{"level":"info","time":"2023-10-11T09:36:02.294+0800","line":"db/mysql.go:61","msg":"SELECT * FROM `claim_record` WHERE user='0x08a01be67ff47ba2652b7dce2005b47d81baac13' and tx_hash='0x4b27da09711f3364589092954c8738c5e5d86a650c2b02bd6b23a51236eaf405' ORDER BY `claim_record`.`id` LIMIT 1","serviceName":"into"}
{"level":"info","time":"2023-10-11T09:36:03.549+0800","line":"db/mysql.go:61","msg":"INSERT INTO `claim_record` (`user`,`amount`,`tx_hash`,`claim_type`,`ctime`) VALUES ('0x08a01be67ff47ba2652b7dce2005b47d81baac13','1','0x4b27da09711f3364589092954c8738c5e5d86a650c2b02bd6b23a51236eaf405',1,'2023-10-10 21:21:05')","serviceName":"into"}
{"level":"info","time":"2023-10-11T09:36:04.712+0800","line":"db/mysql.go:61","msg":"SELECT * FROM `claim_record` WHERE user='0x08a01be67ff47ba2652b7dce2005b47d81baac13' and tx_hash='0xae6a70801d6d1fc8033f4c09fc912f2836cc28bc3a54ce5ae31c046f0c8edb0a' ORDER BY `claim_record`.`id` LIMIT 1","serviceName":"into"}
{"level":"info","time":"2023-10-11T09:36:06.644+0800","line":"db/mysql.go:61","msg":"INSERT INTO `claim_record` (`user`,`amount`,`tx_hash`,`claim_type`,`ctime`) VALUES ('0x08a01be67ff47ba2652b7dce2005b47d81baac13','1','0xae6a70801d6d1fc8033f4c09fc912f2836cc28bc3a54ce5ae31c046f0c8edb0a',1,'2023-10-10 21:22:12')","serviceName":"into"}
{"level":"info","time":"2023-10-11T09:36:06.933+0800","line":"db/mysql.go:61","msg":"SELECT * FROM `claim_record` WHERE user='0x08a01be67ff47ba2652b7dce2005b47d81baac13' and tx_hash='0xab90d6966f0895dfddaa2d02399829a0b9b775966e15fa632a2a2e777803a384' ORDER BY `claim_record`.`id` LIMIT 1","serviceName":"into"}
{"level":"info","time":"2023-10-11T09:36:07.318+0800","line":"db/mysql.go:61","msg":"INSERT INTO `claim_record` (`user`,`amount`,`tx_hash`,`claim_type`,`ctime`) VALUES ('0x08a01be67ff47ba2652b7dce2005b47d81baac13','1','0xab90d6966f0895dfddaa2d02399829a0b9b775966e15fa632a2a2e777803a384',1,'2023-10-10 21:23:12')","serviceName":"into"}
{"level":"info","time":"2023-10-11T09:36:08.029+0800","line":"db/mysql.go:61","msg":"SELECT * FROM `claim_record` WHERE user='0x08a01be67ff47ba2652b7dce2005b47d81baac13' and tx_hash='0xcecf7f026e3d9c9f7b8c895b8bc51a66959ba9232507299f29c57e6393058ac5' ORDER BY `claim_record`.`id` LIMIT 1","serviceName":"into"}
{"level":"info","time":"2023-10-11T09:36:09.435+0800","line":"db/mysql.go:61","msg":"INSERT INTO `claim_record` (`user`,`amount`,`tx_hash`,`claim_type`,`ctime`) VALUES ('0x08a01be67ff47ba2652b7dce2005b47d81baac13','1','0xcecf7f026e3d9c9f7b8c895b8bc51a66959ba9232507299f29c57e6393058ac5',1,'2023-10-10 23:07:43')","serviceName":"into"}
{"level":"info","time":"2023-10-11T09:36:10.093+0800","line":"db/mysql.go:61","msg":"SELECT * FROM `claim_record` WHERE user='0x08a01be67ff47ba2652b7dce2005b47d81baac13' and tx_hash='0xbef4aaca2c98ce56303481729d901937d895ab2830c0237c287527bb3d599e23' ORDER BY `claim_record`.`id` LIMIT 1","serviceName":"into"}
{"level":"info","time":"2023-10-11T09:36:13.958+0800","line":"db/mysql.go:61","msg":"INSERT INTO `claim_record` (`user`,`amount`,`tx_hash`,`claim_type`,`ctime`) VALUES ('0x08a01be67ff47ba2652b7dce2005b47d81baac13','1','0xbef4aaca2c98ce56303481729d901937d895ab2830c0237c287527bb3d599e23',1,'2023-10-10 23:08:06')","serviceName":"into"}
{"level":"info","time":"2023-10-11T09:41:07.345+0800","line":"db/mysql.go:12","msg":"Init Mysql","serviceName":"into"}
{"level":"info","time":"2023-10-11T09:41:11.792+0800","line":"db/mysql.go:61","msg":"SELECT * FROM `claim_record` WHERE user='0x08a01be67ff47ba2652b7dce2005b47d81baac13' and tx_hash='0xab4b46074e04688b1aa0153790486cb30d76adf476c5974edac57f20261c9923' ORDER BY `claim_record`.`id` LIMIT 1","serviceName":"into"}
{"level":"info","time":"2023-10-11T09:41:12.093+0800","line":"db/mysql.go:61","msg":"SELECT * FROM `claim_record` WHERE user='0x08a01be67ff47ba2652b7dce2005b47d81baac13' and tx_hash='0x4b27da09711f3364589092954c8738c5e5d86a650c2b02bd6b23a51236eaf405' ORDER BY `claim_record`.`id` LIMIT 1","serviceName":"into"}
{"level":"info","time":"2023-10-11T09:41:12.458+0800","line":"db/mysql.go:61","msg":"SELECT * FROM `claim_record` WHERE user='0x08a01be67ff47ba2652b7dce2005b47d81baac13' and tx_hash='0xae6a70801d6d1fc8033f4c09fc912f2836cc28bc3a54ce5ae31c046f0c8edb0a' ORDER BY `claim_record`.`id` LIMIT 1","serviceName":"into"}
{"level":"info","time":"2023-10-11T09:41:13.114+0800","line":"db/mysql.go:61","msg":"SELECT * FROM `claim_record` WHERE user='0x08a01be67ff47ba2652b7dce2005b47d81baac13' and tx_hash='0xab90d6966f0895dfddaa2d02399829a0b9b775966e15fa632a2a2e777803a384' ORDER BY `claim_record`.`id` LIMIT 1","serviceName":"into"}
{"level":"info","time":"2023-10-11T09:41:13.401+0800","line":"db/mysql.go:61","msg":"SELECT * FROM `claim_record` WHERE user='0x08a01be67ff47ba2652b7dce2005b47d81baac13' and tx_hash='0xcecf7f026e3d9c9f7b8c895b8bc51a66959ba9232507299f29c57e6393058ac5' ORDER BY `claim_record`.`id` LIMIT 1","serviceName":"into"}
{"level":"info","time":"2023-10-11T09:41:14.040+0800","line":"db/mysql.go:61","msg":"SELECT * FROM `claim_record` WHERE user='0x08a01be67ff47ba2652b7dce2005b47d81baac13' and tx_hash='0xbef4aaca2c98ce56303481729d901937d895ab2830c0237c287527bb3d599e23' ORDER BY `claim_record`.`id` LIMIT 1","serviceName":"into"}
{"level":"info","time":"2023-10-16T11:29:36.056+0800","line":"db/mysql.go:12","msg":"Init Mysql","serviceName":"into"}
{"level":"info","time":"2023-10-16T11:30:19.132+0800","line":"db/mysql.go:12","msg":"Init Mysql","serviceName":"into"}
{"level":"info","time":"2023-10-16T11:36:44.908+0800","line":"db/mysql.go:12","msg":"Init Mysql","serviceName":"into"}
{"level":"info","time":"2023-10-16T11:36:46.397+0800","line":"db/mysql.go:12","msg":"Init Mysql","serviceName":"into"}
{"level":"info","time":"2023-10-16T11:36:49.055+0800","line":"db/mysql.go:61","msg":"SELECT * FROM `task_status` WHERE task_type=1 ORDER BY `task_status`.`id` LIMIT 1","serviceName":"into"}
{"level":"info","time":"2023-10-16T11:41:49.273+0800","line":"db/mysql.go:61","msg":"SELECT * FROM `task_status` WHERE task_type=1 ORDER BY `task_status`.`id` LIMIT 1","serviceName":"into"}
{"level":"info","time":"2023-10-16T11:46:49.026+0800","line":"db/mysql.go:61","msg":"SELECT * FROM `task_status` WHERE task_type=1 ORDER BY `task_status`.`id` LIMIT 1","serviceName":"into"}
{"level":"info","time":"2023-10-16T11:51:48.935+0800","line":"db/mysql.go:61","msg":"SELECT * FROM `task_status` WHERE task_type=1 ORDER BY `task_status`.`id` LIMIT 1","serviceName":"into"}
{"level":"info","time":"2023-10-16T11:56:48.974+0800","line":"db/mysql.go:61","msg":"SELECT * FROM `task_status` WHERE task_type=1 ORDER BY `task_status`.`id` LIMIT 1","serviceName":"into"}
{"level":"info","time":"2023-10-16T12:01:49.213+0800","line":"db/mysql.go:61","msg":"SELECT * FROM `task_status` WHERE task_type=1 ORDER BY `task_status`.`id` LIMIT 1","serviceName":"into"}
{"level":"info","time":"2023-10-16T12:06:48.887+0800","line":"db/mysql.go:61","msg":"SELECT * FROM `task_status` WHERE task_type=1 ORDER BY `task_status`.`id` LIMIT 1","serviceName":"into"}
{"level":"info","time":"2023-10-16T12:11:48.889+0800","line":"db/mysql.go:61","msg":"SELECT * FROM `task_status` WHERE task_type=1 ORDER BY `task_status`.`id` LIMIT 1","serviceName":"into"}
{"level":"info","time":"2023-10-16T12:16:49.031+0800","line":"db/mysql.go:61","msg":"SELECT * FROM `task_status` WHERE task_type=1 ORDER BY `task_status`.`id` LIMIT 1","serviceName":"into"}
{"level":"info","time":"2023-10-16T12:21:49.075+0800","line":"db/mysql.go:61","msg":"SELECT * FROM `task_status` WHERE task_type=1 ORDER BY `task_status`.`id` LIMIT 1","serviceName":"into"}
{"level":"info","time":"2023-10-16T12:26:49.036+0800","line":"db/mysql.go:61","msg":"SELECT * FROM `task_status` WHERE task_type=1 ORDER BY `task_status`.`id` LIMIT 1","serviceName":"into"}
{"level":"info","time":"2023-10-16T12:31:48.892+0800","line":"db/mysql.go:61","msg":"SELECT * FROM `task_status` WHERE task_type=1 ORDER BY `task_status`.`id` LIMIT 1","serviceName":"into"}
{"level":"info","time":"2023-10-16T12:36:49.325+0800","line":"db/mysql.go:61","msg":"SELECT * FROM `task_status` WHERE task_type=1 ORDER BY `task_status`.`id` LIMIT 1","serviceName":"into"}
{"level":"info","time":"2023-10-16T12:41:49.041+0800","line":"db/mysql.go:61","msg":"SELECT * FROM `task_status` WHERE task_type=1 ORDER BY `task_status`.`id` LIMIT 1","serviceName":"into"}
